2014/09/25 6:08:53 にビルドを開始しました。
     1>ノード 2 上のプロジェクト "C:\Users\むらそう\Desktop\作業用フォルダ\G013A1301\個人製作\GameProject01\GameProject01\GameProject01.vcxproj" (Build ターゲット)。
     1>ClCompile:
         C:\Program Files (x86)\Microsoft Visual Studio 12.0\VC\bin\CL.exe /c /ZI /nologo /W3 /WX- /sdl /Od /Oy- /D WIN32 /D _DEBUG /D _WINDOWS /D _UNICODE /D UNICODE /Gm /EHsc /RTC1 /MDd /GS /fp:precise /Zc:wchar_t /Zc:forScope /Fo"Debug\\" /Fd"Debug\vc120.pdb" /Gd /TP /analyze- /errorReport:prompt Credit.cpp
         Credit.cpp
       Link:
         C:\Program Files (x86)\Microsoft Visual Studio 12.0\VC\bin\link.exe /ERRORREPORT:PROMPT /OUT:"C:\Users\むらそう\Desktop\作業用フォルダ\G013A1301\個人製作\GameProject01\Debug\GameProject01.exe" /INCREMENTAL /NOLOGO kernel32.lib user32.lib gdi32.lib winspool.lib comdlg32.lib advapi32.lib shell32.lib ole32.lib oleaut32.lib uuid.lib odbc32.lib odbccp32.lib /MANIFEST /MANIFESTUAC:"level='asInvoker' uiAccess='false'" /manifest:embed /DEBUG /PDB:"C:\Users\むらそう\Desktop\作業用フォルダ\G013A1301\個人製作\GameProject01\Debug\GameProject01.pdb" /SUBSYSTEM:WINDOWS /TLBID:1 /DYNAMICBASE /NXCOMPAT /IMPLIB:"C:\Users\むらそう\Desktop\作業用フォルダ\G013A1301\個人製作\GameProject01\Debug\GameProject01.lib" /MACHINE:X86 Debug\Bomb.obj
         Debug\Boss.obj
         Debug\Bullet.obj
         Debug\Character.obj
         Debug\CharacterManager.obj
         Debug\Credit.obj
         Debug\CsvReader.obj
         Debug\DrawSprite2D.obj
         Debug\Effect.obj
         Debug\Enemy.obj
         Debug\EnemyBullet.obj
         Debug\EnemyBulletGenerator.obj
         Debug\EnemyMove.obj
         Debug\GameApplication.obj
         Debug\GamePlay.obj
         Debug\Item.obj
         Debug\main.obj
         Debug\MathUtility.obj
         Debug\NullScene.obj
         Debug\Player.obj
         Debug\SceneManager.obj
         Debug\ShootingApplication.obj
         Debug\Title.obj
         Debug\WaveSound.obj
         Debug\World.obj
         Debug\WorldCharacter.obj
         GameProject01.vcxproj -> C:\Users\むらそう\Desktop\作業用フォルダ\G013A1301\個人製作\GameProject01\Debug\GameProject01.exe
     1>プロジェクト "C:\Users\むらそう\Desktop\作業用フォルダ\G013A1301\個人製作\GameProject01\GameProject01\GameProject01.vcxproj" (Build ターゲット) のビルドが完了しました。

ビルドに成功しました。

経過時間 00:00:01.35
